<?xml version="1.0" encoding="utf-8"?><testsuite errors="0" failures="1" name="pytest" skipped="0" tests="7" time="2.993"><testcase classname="test_submit" file="test_submit.py" line="3" name="test_q1" time="0.001"></testcase><testcase classname="test_submit" file="test_submit.py" line="11" name="test_q2" time="0.004"></testcase><testcase classname="test_submit" file="test_submit.py" line="16" name="test_q3" time="0.005"></testcase><testcase classname="test_submit" file="test_submit.py" line="21" name="test_q4" time="0.005"></testcase><testcase classname="test_submit" file="test_submit.py" line="26" name="test_q5" time="0.007"><failure message="assert 26 == 24
  -26
  +24">E   assert 26 == 24
      -26
      +24</failure></testcase><testcase classname="test_submit" file="test_submit.py" line="34" name="test_q6" time="0.281"></testcase><testcase classname="test_submit" file="test_submit.py" line="39" name="test_q7" time="0.299"></testcase></testsuite>